Arguments: 
  /root/.nvm/versions/node/v19.2.0/bin/node /usr/local/bin/yarn add @types/dom -D

PATH: 
  /root/.nvm/versions/node/v19.2.0/bin:/root/.cache/pypoetry/virtualenvs/idk-bans4MAt-py3.10/bin:/root/.vscode-server/bin/5235c6bb189b60b01b1f49062f4ffa42384f8c91/bin/remote-cli:/root/.local/bin:/usr/local/sbin:/root/.local/bin:/root/.local/bin:/root/.local/bin:/root/.local/bin:/root/.local/bin:/root/.local/bin:/root/.local/bin:/usr/local/bin:/root/.local/bin:/root/.local/bin:/root/.local/bin:/root/.local/bin:/root/.local/bin:/root/.local/bin:/root/.local/bin:/usr/sbin:/root/.local/bin:/root/.local/bin:/root/.local/bin:/root/.local/bin:/root/.local/bin:/root/.local/bin:/root/.local/bin:/usr/bin:/root/.local/bin:/root/.local/bin:/root/.local/bin:/root/.local/bin:/root/.local/bin:/root/.local/bin:/root/.local/bin:/sbin:/root/.local/bin:/root/.local/bin:/root/.local/bin:/root/.local/bin:/root/.local/bin:/root/.local/bin:/root/.local/bin:/bin:/root/.local/bin:/root/.local/bin:/root/.local/bin:/root/.local/bin:/root/.local/bin:/root/.local/bin:/root/.local/bin:/usr/games:/root/.local/bin:/root/.local/bin:/root/.local/bin:/root/.local/bin:/root/.local/bin:/root/.local/bin:/root/.local/bin:/usr/local/games:/root/.local/bin:/root/.local/bin:/root/.local/bin:/root/.local/bin:/root/.local/bin:/root/.local/bin:/root/.local/bin:/usr/lib/wsl/lib:/root/.local/bin:/root/.local/bin:/root/.local/bin:/root/.local/bin:/root/.local/bin:/root/.local/bin:/root/.local/bin:/mnt/c/Windows/system32:/root/.local/bin:/root/.local/bin:/root/.local/bin:/root/.local/bin:/root/.local/bin:/root/.local/bin:/root/.local/bin:/mnt/c/Windows:/root/.local/bin:/root/.local/bin:/root/.local/bin:/root/.local/bin:/root/.local/bin:/root/.local/bin:/root/.local/bin:/mnt/c/Windows/System32/Wbem:/root/.local/bin:/root/.local/bin:/root/.local/bin:/root/.local/bin:/root/.local/bin:/root/.local/bin:/root/.local/bin:/mnt/c/Windows/System32/WindowsPowerShell/v1.0/:/root/.local/bin:/root/.local/bin:/root/.local/bin:/root/.local/bin:/root/.local/bin:/root/.local/bin:/root/.local/bin:/mnt/c/Windows/System32/OpenSSH/:/root/.local/bin:/root/.local/bin:/root/.local/bin:/root/.local/bin:/root/.local/bin:/root/.local/bin:/root/.local/bin:/mnt/c/Program Files/Docker/Docker/resources/bin:/root/.local/bin:/root/.local/bin:/root/.local/bin:/root/.local/bin:/root/.local/bin:/root/.local/bin:/root/.local/bin:/mnt/c/Users/melnk/AppData/Local/Microsoft/WindowsApps:/root/.local/bin:/root/.local/bin:/root/.local/bin:/root/.local/bin:/root/.local/bin:/root/.local/bin:/root/.local/bin:/mnt/c/Users/melnk/AppData/Local/JetBrains/Toolbox/scripts:/root/.local/bin:/root/.local/bin:/root/.local/bin:/root/.local/bin:/root/.local/bin:/root/.local/bin:/root/.local/bin:/mnt/d/Programms/Microsoft VS Code/bin:/root/.local/bin:/root/.local/bin:/root/.local/bin:/root/.local/bin:/root/.local/bin:/root/.local/bin:/root/.local/bin:/snap/bin:/root/.local/bin:/root/.local/bin:/root/.local/bin:/root/.local/bin:/root/.local/bin:/root/.local/bin:/root/.local/bin

Yarn version: 
  1.22.19

Node version: 
  19.2.0

Platform: 
  linux x64

Trace: 
  Error: https://registry.yarnpkg.com/@types%2fdom: Not found
      at params.callback [as _callback] (/usr/local/lib/node_modules/yarn/lib/cli.js:66145:18)
      at self.callback (/usr/local/lib/node_modules/yarn/lib/cli.js:140890:22)
      at Request.emit (node:events:513:28)
      at Request.<anonymous> (/usr/local/lib/node_modules/yarn/lib/cli.js:141862:10)
      at Request.emit (node:events:513:28)
      at IncomingMessage.<anonymous> (/usr/local/lib/node_modules/yarn/lib/cli.js:141784:12)
      at Object.onceWrapper (node:events:627:28)
      at IncomingMessage.emit (node:events:525:35)
      at endReadableNT (node:internal/streams/readable:1359:12)
      at process.processTicksAndRejections (node:internal/process/task_queues:82:21)

npm manifest: 
  {
    "dependencies": {
      "typescript": "^4.9.4"
    },
    "devDependencies": {
      "@tsconfig/node16": "^1.0.3",
      "@types/node": "^18.11.13"
    }
  }

yarn manifest: 
  No manifest

Lockfile: 
  # THIS IS AN AUTOGENERATED FILE. DO NOT EDIT THIS FILE DIRECTLY.
  # yarn lockfile v1
  
  
  "@tsconfig/node16@^1.0.3":
    version "1.0.3"
    resolved "https://registry.yarnpkg.com/@tsconfig/node16/-/node16-1.0.3.tgz#472eaab5f15c1ffdd7f8628bd4c4f753995ec79e"
    integrity sha512-yOlFc+7UtL/89t2ZhjPvvB/DeAr3r+Dq58IgzsFkOAvVC6NMJXmCGjbptdXdR9qsX7pKcTL+s87FtYREi2dEEQ==
  
  "@types/node@^18.11.13":
    version "18.11.13"
    resolved "https://registry.yarnpkg.com/@types/node/-/node-18.11.13.tgz#dff34f226ec1ac0432ae3b136ec5552bd3b9c0fe"
    integrity sha512-IASpMGVcWpUsx5xBOrxMj7Bl8lqfuTY7FKAnPmu5cHkfQVWF8GulWS1jbRqA934qZL35xh5xN/+Xe/i26Bod4w==
  
  typescript@^4.9.4:
    version "4.9.4"
    resolved "https://registry.yarnpkg.com/typescript/-/typescript-4.9.4.tgz#a2a3d2756c079abda241d75f149df9d561091e78"
    integrity sha512-Uz+dTXYzxXXbsFpM86Wh3dKCxrQqUcVMxwU54orwlJjOpO3ao8L7j5lH+dWfTwgCwIuM9GQ2kvVotzYJMXTBZg==
